<?xml version="1.0" encoding="utf-8"?>
<?AutomationStudio Version="4.5.2.102"?>
<Objects>
  <Object
    Path="C:\BUBbI\LRlab23i\Logical\Package.pkg"
    LogicalPath=""
    Type="Package.ParentUnknown"
    LastWriteTime="134051750875223743" />
  <Object
    Path="C:\BUBbI\LRlab23i\Logical\Global.typ"
    LogicalPath="Global.typ"
    Type="File"
    LastWriteTime="131200510240000000"
    Private="false" />
  <Object
    Path="C:\BUBbI\LRlab23i\Logical\Global.var"
    LogicalPath="Global.var"
    Type="File"
    LastWriteTime="134051736094831203"
    Private="false" />
  <Object
    Path="C:\BUBbI\LRlab23i\Logical\Libraries\Package.pkg"
    LogicalPath="Libraries"
    Type="Package"
    LastWriteTime="134051736081466936" />
  <Object
    Path="C:\BUBbI\LRlab23i\Logical\Libraries\Runtime\Binary.lby"
    LogicalPath="Libraries.Runtime"
    Type="Library"
    LastWriteTime="131091691340000000" />
  <Object
    Path="C:\BUBbI\LRlab23i\Logical\Libraries\Runtime\runtime.fun"
    LogicalPath="Libraries.Runtime.runtime.fun"
    Type="File"
    LastWriteTime="131091691340000000"
    Private="false" />
  <Object
    Path="C:\BUBbI\LRlab23i\Logical\Libraries\Runtime\runtime.typ"
    LogicalPath="Libraries.Runtime.runtime.typ"
    Type="File"
    LastWriteTime="131091691340000000"
    Private="false" />
  <Object
    Path="C:\BUBbI\LRlab23i\Logical\Libraries\Runtime\runtime.var"
    LogicalPath="Libraries.Runtime.runtime.var"
    Type="File"
    LastWriteTime="131091691340000000"
    Private="false" />
  <Object
    Path="C:\BUBbI\LRlab23i\Logical\Libraries\Operator\Binary.lby"
    LogicalPath="Libraries.Operator"
    Type="Library"
    LastWriteTime="131091691340000000" />
  <Object
    Path="C:\BUBbI\LRlab23i\Logical\Libraries\Operator\operator.fun"
    LogicalPath="Libraries.Operator.operator.fun"
    Type="File"
    LastWriteTime="131091691340000000"
    Private="false" />
  <Object
    Path="C:\BUBbI\LRlab23i\Logical\Libraries\Operator\operator.typ"
    LogicalPath="Libraries.Operator.operator.typ"
    Type="File"
    LastWriteTime="131091691340000000"
    Private="false" />
  <Object
    Path="C:\BUBbI\LRlab23i\Logical\Libraries\Operator\operator.var"
    LogicalPath="Libraries.Operator.operator.var"
    Type="File"
    LastWriteTime="131091691340000000"
    Private="false" />
  <Object
    Path="C:\BUBbI\LRlab23i\Logical\Libraries\AsIecCon\Binary.lby"
    LogicalPath="Libraries.AsIecCon"
    Type="Library"
    LastWriteTime="131091691340000000" />
  <Object
    Path="C:\BUBbI\LRlab23i\Logical\Libraries\AsIecCon\AsIecCon.fun"
    LogicalPath="Libraries.AsIecCon.AsIecCon.fun"
    Type="File"
    LastWriteTime="131091691340000000"
    Private="false" />
  <Object
    Path="C:\BUBbI\LRlab23i\Logical\Libraries\AsIecCon\AsIecCon.typ"
    LogicalPath="Libraries.AsIecCon.AsIecCon.typ"
    Type="File"
    LastWriteTime="131091691340000000"
    Private="false" />
  <Object
    Path="C:\BUBbI\LRlab23i\Logical\Libraries\AsIecCon\AsIecCon.var"
    LogicalPath="Libraries.AsIecCon.AsIecCon.var"
    Type="File"
    LastWriteTime="131091691340000000"
    Private="false" />
  <Object
    Path="C:\BUBbI\LRlab23i\Logical\Libraries\astime\Binary.lby"
    LogicalPath="Libraries.astime"
    Type="Library"
    LastWriteTime="131091691340000000" />
  <Object
    Path="C:\BUBbI\LRlab23i\Logical\Libraries\astime\astime.fun"
    LogicalPath="Libraries.astime.astime.fun"
    Type="File"
    LastWriteTime="131091691340000000"
    Private="false" />
  <Object
    Path="C:\BUBbI\LRlab23i\Logical\Libraries\astime\astime.typ"
    LogicalPath="Libraries.astime.astime.typ"
    Type="File"
    LastWriteTime="131091691340000000"
    Private="false" />
  <Object
    Path="C:\BUBbI\LRlab23i\Logical\Libraries\astime\astime.var"
    LogicalPath="Libraries.astime.astime.var"
    Type="File"
    LastWriteTime="131091691340000000"
    Private="false" />
  <Object
    Path="C:\BUBbI\LRlab23i\Logical\Libraries\sys_lib\Binary.lby"
    LogicalPath="Libraries.sys_lib"
    Type="Library"
    LastWriteTime="131194456100000000" />
  <Object
    Path="C:\BUBbI\LRlab23i\Logical\Libraries\sys_lib\sys_lib.fun"
    LogicalPath="Libraries.sys_lib.sys_lib.fun"
    Type="File"
    LastWriteTime="131194456100000000"
    Private="false" />
  <Object
    Path="C:\BUBbI\LRlab23i\Logical\Libraries\sys_lib\sys_lib.typ"
    LogicalPath="Libraries.sys_lib.sys_lib.typ"
    Type="File"
    LastWriteTime="131194456100000000"
    Private="false" />
  <Object
    Path="C:\BUBbI\LRlab23i\Logical\Libraries\sys_lib\sys_lib.var"
    LogicalPath="Libraries.sys_lib.sys_lib.var"
    Type="File"
    LastWriteTime="131194456100000000"
    Private="false" />
  <Object
    Path="C:\BUBbI\LRlab23i\Logical\Libraries\asstring\Binary.lby"
    LogicalPath="Libraries.asstring"
    Type="Library"
    LastWriteTime="131194456160000000" />
  <Object
    Path="C:\BUBbI\LRlab23i\Logical\Libraries\asstring\asstring.fun"
    LogicalPath="Libraries.asstring.asstring.fun"
    Type="File"
    LastWriteTime="131194456160000000"
    Private="false" />
  <Object
    Path="C:\BUBbI\LRlab23i\Logical\Libraries\asstring\asstring.typ"
    LogicalPath="Libraries.asstring.asstring.typ"
    Type="File"
    LastWriteTime="131194456160000000"
    Private="false" />
  <Object
    Path="C:\BUBbI\LRlab23i\Logical\Libraries\asstring\asstring.var"
    LogicalPath="Libraries.asstring.asstring.var"
    Type="File"
    LastWriteTime="131194456160000000"
    Private="false" />
  <Object
    Path="C:\BUBbI\LRlab23i\Logical\Libraries\Acp10man\Binary.lby"
    LogicalPath="Libraries.Acp10man"
    Type="Library"
    LastWriteTime="134051735874370875" />
  <Object
    Path="C:\BUBbI\LRlab23i\Logical\Libraries\Acp10man\Acp10man.typ"
    LogicalPath="Libraries.Acp10man.Acp10man.typ"
    Type="File"
    LastWriteTime="134051735874340978"
    Private="false" />
  <Object
    Path="C:\BUBbI\LRlab23i\Logical\Libraries\Acp10par\Binary.lby"
    LogicalPath="Libraries.Acp10par"
    Type="Library"
    LastWriteTime="134051735874650115" />
  <Object
    Path="C:\BUBbI\LRlab23i\Logical\Libraries\Acp10par\Acp10par.var"
    LogicalPath="Libraries.Acp10par.Acp10par.var"
    Type="File"
    LastWriteTime="134051735874640151"
    Private="false" />
  <Object
    Path="C:\BUBbI\LRlab23i\Logical\Libraries\NcGlobal\Binary.lby"
    LogicalPath="Libraries.NcGlobal"
    Type="Library"
    LastWriteTime="134051735874819664" />
  <Object
    Path="C:\BUBbI\LRlab23i\Logical\Libraries\NcGlobal\NcGlobal.fun"
    LogicalPath="Libraries.NcGlobal.NcGlobal.fun"
    Type="File"
    LastWriteTime="134051735874789741"
    Private="false" />
  <Object
    Path="C:\BUBbI\LRlab23i\Logical\Libraries\NcGlobal\NcGlobal.typ"
    LogicalPath="Libraries.NcGlobal.NcGlobal.typ"
    Type="File"
    LastWriteTime="134051735874799720"
    Private="false" />
  <Object
    Path="C:\BUBbI\LRlab23i\Logical\Libraries\NcGlobal\NcGlobal.var"
    LogicalPath="Libraries.NcGlobal.NcGlobal.var"
    Type="File"
    LastWriteTime="134051735874819664"
    Private="false" />
  <Object
    Path="C:\BUBbI\LRlab23i\Logical\Libraries\Acp10sdc\binary.lby"
    LogicalPath="Libraries.Acp10sdc"
    Type="Library"
    LastWriteTime="134051736052983119" />
  <Object
    Path="C:\BUBbI\LRlab23i\Logical\Libraries\Acp10sdc\acp10sdc.var"
    LogicalPath="Libraries.Acp10sdc.acp10sdc.var"
    Type="File"
    LastWriteTime="134051736052963171"
    Private="false" />
  <Object
    Path="C:\BUBbI\LRlab23i\Logical\Libraries\Acp10sdc\acp10sdc.typ"
    LogicalPath="Libraries.Acp10sdc.acp10sdc.typ"
    Type="File"
    LastWriteTime="134051736052983119"
    Private="false" />
  <Object
    Path="C:\BUBbI\LRlab23i\Logical\Libraries\Acp10_MC\binary.lby"
    LogicalPath="Libraries.Acp10_MC"
    Type="Library"
    LastWriteTime="134051736063724400" />
  <Object
    Path="C:\BUBbI\LRlab23i\Logical\Libraries\Acp10_MC\acp10_mc.fun"
    LogicalPath="Libraries.Acp10_MC.acp10_mc.fun"
    Type="File"
    LastWriteTime="134051736063694466"
    Private="false" />
  <Object
    Path="C:\BUBbI\LRlab23i\Logical\Libraries\Acp10_MC\acp10_mc.typ"
    LogicalPath="Libraries.Acp10_MC.acp10_mc.typ"
    Type="File"
    LastWriteTime="134051736063704441"
    Private="false" />
  <Object
    Path="C:\BUBbI\LRlab23i\Logical\Libraries\Acp10_MC\acp10_mc.var"
    LogicalPath="Libraries.Acp10_MC.acp10_mc.var"
    Type="File"
    LastWriteTime="134051736063724400"
    Private="false" />
  <Object
    Path="C:\BUBbI\LRlab23i\Logical\Libraries\brsystem\binary.lby"
    LogicalPath="Libraries.brsystem"
    Type="Library"
    LastWriteTime="134051736063943809" />
  <Object
    Path="C:\BUBbI\LRlab23i\Logical\Libraries\brsystem\brsystem.fun"
    LogicalPath="Libraries.brsystem.brsystem.fun"
    Type="File"
    LastWriteTime="134051736063913889"
    Private="false" />
  <Object
    Path="C:\BUBbI\LRlab23i\Logical\Libraries\brsystem\brsystem.typ"
    LogicalPath="Libraries.brsystem.brsystem.typ"
    Type="File"
    LastWriteTime="134051736063923971"
    Private="false" />
  <Object
    Path="C:\BUBbI\LRlab23i\Logical\Libraries\brsystem\brsystem.var"
    LogicalPath="Libraries.brsystem.brsystem.var"
    Type="File"
    LastWriteTime="134051736063943809"
    Private="false" />
  <Object
    Path="C:\BUBbI\LRlab23i\Logical\Libraries\AsBrStr\binary.lby"
    LogicalPath="Libraries.AsBrStr"
    Type="Library"
    LastWriteTime="134051736081407104" />
  <Object
    Path="C:\BUBbI\LRlab23i\Logical\Libraries\AsBrStr\AsBrStr.fun"
    LogicalPath="Libraries.AsBrStr.AsBrStr.fun"
    Type="File"
    LastWriteTime="134051736081367213"
    Private="false" />
  <Object
    Path="C:\BUBbI\LRlab23i\Logical\Libraries\AsBrStr\AsBrStr.typ"
    LogicalPath="Libraries.AsBrStr.AsBrStr.typ"
    Type="File"
    LastWriteTime="134051736081377177"
    Private="false" />
  <Object
    Path="C:\BUBbI\LRlab23i\Logical\Libraries\AsBrStr\AsBrStr.var"
    LogicalPath="Libraries.AsBrStr.AsBrStr.var"
    Type="File"
    LastWriteTime="134051736081397128"
    Private="false" />
  <Object
    Path="C:\BUBbI\LRlab23i\Logical\ncsdcctrl\IEC.prg"
    LogicalPath="ncsdcctrl"
    Type="Program"
    LastWriteTime="134051735851322507" />
  <Object
    Path="C:\BUBbI\LRlab23i\Logical\ncsdcctrl\ncsdcctrlCyclic.st"
    LogicalPath="ncsdcctrl.ncsdcctrlCyclic.st"
    Type="File"
    LastWriteTime="134051735860627623"
    Private="false" />
  <Object
    Path="C:\BUBbI\LRlab23i\Logical\ncsdcctrl\ncsdcctrlInit.st"
    LogicalPath="ncsdcctrl.ncsdcctrlInit.st"
    Type="File"
    LastWriteTime="134051735860597699"
    Private="false" />
  <Object
    Path="C:\BUBbI\LRlab23i\Logical\ncsdcctrl\ncsdcctrl.typ"
    LogicalPath="ncsdcctrl.ncsdcctrl.typ"
    Type="File"
    LastWriteTime="134051735860547836"
    Private="true" />
  <Object
    Path="C:\BUBbI\LRlab23i\Logical\ncsdcctrl\ncsdcctrl.var"
    LogicalPath="ncsdcctrl.ncsdcctrl.var"
    Type="File"
    LastWriteTime="134051735860547836"
    Private="true" />
  <Object
    Path="C:\BUBbI\LRlab23i\Logical\acp10etxen\Ett.dob"
    LogicalPath="acp10etxen"
    Type="DataObject"
    LastWriteTime="134051736042989851" />
  <Object
    Path="C:\BUBbI\LRlab23i\Logical\acp10etxen\acp10etxen.ett"
    LogicalPath="acp10etxen.acp10etxen.ett"
    Type="File"
    LastWriteTime="134051736043508685"
    Private="false" />
  <Object
    Path="C:\BUBbI\LRlab23i\Logical\gAxis01obj\Package.pkg"
    LogicalPath="gAxis01obj"
    Type="Package"
    LastWriteTime="134051736088099191" />
  <Object
    Path="C:\BUBbI\LRlab23i\Logical\gAxis01obj\gAxis01a\Apt.dob"
    LogicalPath="gAxis01obj.gAxis01a"
    Type="DataObject"
    LastWriteTime="134051736086144648" />
  <Object
    Path="C:\BUBbI\LRlab23i\Logical\gAxis01obj\gAxis01a\gAxis01a.apt"
    LogicalPath="gAxis01obj.gAxis01a.gAxis01a.apt"
    Type="File"
    LastWriteTime="134051736086353861"
    Private="false" />
  <Object
    Path="C:\BUBbI\LRlab23i\Logical\gAxis01obj\gAxis01i\Ax.dob"
    LogicalPath="gAxis01obj.gAxis01i"
    Type="DataObject"
    LastWriteTime="134051736086782767" />
  <Object
    Path="C:\BUBbI\LRlab23i\Logical\gAxis01obj\gAxis01i\gAxis01i.ax"
    LogicalPath="gAxis01obj.gAxis01i.gAxis01i.ax"
    Type="File"
    LastWriteTime="134051736087979513"
    Private="false" />
  <Object
    Path="C:\BUBbI\LRlab23i\Logical\Library\ANSIC.lby"
    LogicalPath="Library"
    Type="Library"
    LastWriteTime="134051781098517939" />
  <Object
    Path="C:\BUBbI\LRlab23i\Logical\Library\Types.typ"
    LogicalPath="Library.Types.typ"
    Type="File"
    LastWriteTime="134055200070628723"
    Private="false" />
  <Object
    Path="C:\BUBbI\LRlab23i\Logical\Library\Constants.var"
    LogicalPath="Library.Constants.var"
    Type="File"
    LastWriteTime="134051783206235207"
    Private="false" />
  <Object
    Path="C:\BUBbI\LRlab23i\Logical\Library\Library.fun"
    LogicalPath="Library.Library.fun"
    Type="File"
    LastWriteTime="134051781336766606"
    Private="false" />
  <Object
    Path="C:\BUBbI\LRlab23i\Logical\Library\LedStateMachine.c"
    LogicalPath="Library.LedStateMachine.c"
    Type="File"
    LastWriteTime="134051790134015726"
    Private="false" />
  <Object
    Path="C:\BUBbI\LRlab23i\Logical\Library\DoorStateMachine.c"
    LogicalPath="Library.DoorStateMachine.c"
    Type="File"
    LastWriteTime="134055169066270925"
    Private="false" />
  <Object
    Path="C:\BUBbI\LRlab23i\Logical\Library\DriveStateMachine.c"
    LogicalPath="Library.DriveStateMachine.c"
    Type="File"
    LastWriteTime="134051789443564057"
    Private="false" />
  <Object
    Path="C:\BUBbI\LRlab23i\Logical\Program\ANSIC.prg"
    LogicalPath="Program"
    Type="Program"
    LastWriteTime="134051750875203796" />
  <Object
    Path="C:\BUBbI\LRlab23i\Logical\Program\Cyclic.c"
    LogicalPath="Program.Cyclic.c"
    Type="File"
    LastWriteTime="134051751889570800"
    Private="false" />
  <Object
    Path="C:\BUBbI\LRlab23i\Logical\Program\Init.c"
    LogicalPath="Program.Init.c"
    Type="File"
    LastWriteTime="134051751336206843"
    Private="false" />
  <Object
    Path="C:\BUBbI\LRlab23i\Logical\Program\Exit.c"
    LogicalPath="Program.Exit.c"
    Type="File"
    LastWriteTime="134051750875163901"
    Private="false" />
  <Object
    Path="C:\BUBbI\LRlab23i\Logical\Program\Types.typ"
    LogicalPath="Program.Types.typ"
    Type="File"
    LastWriteTime="134051750875184056"
    Private="true" />
  <Object
    Path="C:\BUBbI\LRlab23i\Logical\Program\Variables.var"
    LogicalPath="Program.Variables.var"
    Type="File"
    LastWriteTime="134051752711952538"
    Private="true" />
  <Object
    Path="C:\BUBbI\LRlab23i\Physical\SampleText\Config.pkg"
    LogicalPath="SampleText"
    Type="Configuration.ParentUnknown"
    LastWriteTime="131194447020000000" />
  <Object
    Path="C:\BUBbI\LRlab23i\Physical\SampleText\Hardware.hw"
    LogicalPath="SampleText.Hardware.hw"
    Type="File"
    LastWriteTime="134057012077180854"
    Private="false" />
  <Object
    Path="C:\BUBbI\LRlab23i\Physical\SampleText\Hardware.hwl"
    LogicalPath="SampleText.Hardware.hwl"
    Type="File"
    LastWriteTime="134051751481865710"
    Private="false" />
  <Object
    Path="C:\BUBbI\LRlab23i\Physical\SampleText\4PP065_0571_P74\Cpu.pkg"
    LogicalPath="SampleText.4PP065_0571_P74"
    Type="Cpu"
    LastWriteTime="134051797235296027" />
  <Object
    Path="C:\BUBbI\LRlab23i\Physical\SampleText\4PP065_0571_P74\Cpu.sw"
    LogicalPath="SampleText.4PP065_0571_P74.Cpu.sw"
    Type="File"
    LastWriteTime="134051750875522953"
    Private="false" />
  <Object
    Path="C:\BUBbI\LRlab23i\Physical\SampleText\4PP065_0571_P74\Cpu.per"
    LogicalPath="SampleText.4PP065_0571_P74.Cpu.per"
    Type="File"
    LastWriteTime="131194447000000000"
    Private="false" />
  <Object
    Path="C:\BUBbI\LRlab23i\Physical\SampleText\4PP065_0571_P74\IoMap.iom"
    LogicalPath="SampleText.4PP065_0571_P74.IoMap.iom"
    Type="File"
    LastWriteTime="134051795002321582"
    Private="false" />
  <Object
    Path="C:\BUBbI\LRlab23i\Physical\SampleText\4PP065_0571_P74\PvMap.vvm"
    LogicalPath="SampleText.4PP065_0571_P74.PvMap.vvm"
    Type="File"
    LastWriteTime="131194447000000000"
    Private="false" />
  <Object
    Path="C:\BUBbI\LRlab23i\Physical\SampleText\4PP065_0571_P74\mapp\Package.pkg"
    LogicalPath="SampleText.4PP065_0571_P74.mapp"
    Type="Package"
    LastWriteTime="131194447000000000" />
  <Object
    Path="C:\BUBbI\LRlab23i\Physical\SampleText\4PP065_0571_P74\Connectivity\Package.pkg"
    LogicalPath="SampleText.4PP065_0571_P74.Connectivity"
    Type="Package"
    LastWriteTime="131194447000000000" />
  <Object
    Path="C:\BUBbI\LRlab23i\Physical\SampleText\4PP065_0571_P74\Connectivity\OpcUA\Package.pkg"
    LogicalPath="SampleText.4PP065_0571_P74.Connectivity.OpcUA"
    Type="Package"
    LastWriteTime="131194447000000000" />
  <Object
    Path="C:\BUBbI\LRlab23i\Physical\SampleText\4PP065_0571_P74\TextSystem\Package.pkg"
    LogicalPath="SampleText.4PP065_0571_P74.TextSystem"
    Type="Package"
    LastWriteTime="131194447000000000" />
  <Object
    Path="C:\BUBbI\LRlab23i\Physical\SampleText\4PP065_0571_P74\AccessAndSecurity\Package.pkg"
    LogicalPath="SampleText.4PP065_0571_P74.AccessAndSecurity"
    Type="Package"
    LastWriteTime="131194447000000000" />
  <Object
    Path="C:\BUBbI\LRlab23i\Physical\SampleText\4PP065_0571_P74\AccessAndSecurity\UserRoleSystem\Package.pkg"
    LogicalPath="SampleText.4PP065_0571_P74.AccessAndSecurity.UserRoleSystem"
    Type="Package"
    LastWriteTime="131194447000000000" />
  <Object
    Path="C:\BUBbI\LRlab23i\Physical\SampleText\4PP065_0571_P74\AccessAndSecurity\UserRoleSystem\Role.role"
    LogicalPath="SampleText.4PP065_0571_P74.AccessAndSecurity.UserRoleSystem.Role.role"
    Type="File"
    LastWriteTime="131194447000000000"
    Private="false" />
  <Object
    Path="C:\BUBbI\LRlab23i\Physical\SampleText\4PP065_0571_P74\AccessAndSecurity\UserRoleSystem\User.user"
    LogicalPath="SampleText.4PP065_0571_P74.AccessAndSecurity.UserRoleSystem.User.user"
    Type="File"
    LastWriteTime="131194447000000000"
    Private="false" />
  <Object
    Path="C:\BUBbI\LRlab23i\Physical\SampleText\4PP065_0571_P74\AccessAndSecurity\CertificateStore\Package.pkg"
    LogicalPath="SampleText.4PP065_0571_P74.AccessAndSecurity.CertificateStore"
    Type="Package"
    LastWriteTime="131194447000000000" />
  <Object
    Path="C:\BUBbI\LRlab23i\Physical\SampleText\4PP065_0571_P74\AccessAndSecurity\CertificateStore\OwnCertificates\Package.pkg"
    LogicalPath="SampleText.4PP065_0571_P74.AccessAndSecurity.CertificateStore.OwnCertificates"
    Type="Package"
    LastWriteTime="131194447000000000" />
  <Object
    Path="C:\BUBbI\LRlab23i\Physical\SampleText\4PP065_0571_P74\AccessAndSecurity\CertificateStore\OwnCertificates\Certificates\Package.pkg"
    LogicalPath="SampleText.4PP065_0571_P74.AccessAndSecurity.CertificateStore.OwnCertificates.Certificates"
    Type="Package"
    LastWriteTime="131194447000000000" />
  <Object
    Path="C:\BUBbI\LRlab23i\Physical\SampleText\4PP065_0571_P74\AccessAndSecurity\CertificateStore\OwnCertificates\PrivateKeys\Package.pkg"
    LogicalPath="SampleText.4PP065_0571_P74.AccessAndSecurity.CertificateStore.OwnCertificates.PrivateKeys"
    Type="Package"
    LastWriteTime="131194447000000000" />
  <Object
    Path="C:\BUBbI\LRlab23i\Physical\SampleText\4PP065_0571_P74\AccessAndSecurity\CertificateStore\ThirdPartyCertificates\Package.pkg"
    LogicalPath="SampleText.4PP065_0571_P74.AccessAndSecurity.CertificateStore.ThirdPartyCertificates"
    Type="Package"
    LastWriteTime="131194447000000000" />
  <Object
    Path="C:\BUBbI\LRlab23i\Physical\SampleText\4PP065_0571_P74\AccessAndSecurity\CertificateStore\ThirdPartyCertificates\SoftwareCertificates\Package.pkg"
    LogicalPath="SampleText.4PP065_0571_P74.AccessAndSecurity.CertificateStore.ThirdPartyCertificates.SoftwareCertificates"
    Type="Package"
    LastWriteTime="131194447000000000" />
  <Object
    Path="C:\BUBbI\LRlab23i\Physical\SampleText\4PP065_0571_P74\AccessAndSecurity\CertificateStore\CertificateRevocationLists\Package.pkg"
    LogicalPath="SampleText.4PP065_0571_P74.AccessAndSecurity.CertificateStore.CertificateRevocationLists"
    Type="Package"
    LastWriteTime="131194447000000000" />
  <Object
    Path="C:\BUBbI\LRlab23i\Physical\SampleText\4PP065_0571_P74\AccessAndSecurity\CertificateStore\CertificateSigningRequests\Package.pkg"
    LogicalPath="SampleText.4PP065_0571_P74.AccessAndSecurity.CertificateStore.CertificateSigningRequests"
    Type="Package"
    LastWriteTime="131194447000000000" />
  <Object
    Path="C:\BUBbI\LRlab23i\Physical\SampleText\4PP065_0571_P74\AccessAndSecurity\TransportLayerSecurity\Package.pkg"
    LogicalPath="SampleText.4PP065_0571_P74.AccessAndSecurity.TransportLayerSecurity"
    Type="Package"
    LastWriteTime="131194447000000000" />
  <Object
    Path="C:\BUBbI\LRlab23i\Physical\SampleText\4PP065_0571_P74\Motion\Package.pkg"
    LogicalPath="SampleText.4PP065_0571_P74.Motion"
    Type="Package"
    LastWriteTime="134051735879257790" />
  <Object
    Path="C:\BUBbI\LRlab23i\Physical\SampleText\4PP065_0571_P74\Motion\Acp10map.ncm"
    LogicalPath="SampleText.4PP065_0571_P74.Motion.Acp10map.ncm"
    Type="File"
    LastWriteTime="134051736040416732"
    Private="false" />
  <Object
    Path="C:\BUBbI\LRlab23i\Physical\SampleText\4PP065_0571_P74\Motion\Acp10cfg.ncc"
    LogicalPath="SampleText.4PP065_0571_P74.Motion.Acp10cfg.ncc"
    Type="File"
    LastWriteTime="134051736042820298"
    Private="false" />
  <Object
    Path="C:\BUBbI\LRlab23i\Physical\SampleText\4PP065_0571_P74\Motion\Acp10sys.br"
    LogicalPath="SampleText.4PP065_0571_P74.Motion.Acp10sys.br"
    Type="File"
    LastWriteTime="134051735880125478"
    Private="false" />
  <Object
    Path="C:\BUBbI\LRlab23i\Physical\SampleText\Hardware.jpg"
    LogicalPath="SampleText.Hardware.jpg"
    Type="File"
    LastWriteTime="134055226525435178"
    Private="false" />
</Objects>